0 info it worked if it ends with ok
1 verbose cli [ 'D:\\Program Files\\nodejs\\\\node.exe',
1 verbose cli   'D:\\Program Files\\nodejs\\node_modules\\npm\\bin\\npm-cli.js',
1 verbose cli   'run',
1 verbose cli   'build:gh' ]
2 info using npm@2.5.1
3 info using node@v0.12.0
4 verbose node symlink D:\Program Files\nodejs\\node.exe
5 verbose run-script [ 'prebuild:gh', 'build:gh', 'postbuild:gh' ]
6 info prebuild:gh yarsk@1.0.0
7 info build:gh yarsk@1.0.0
8 verbose unsafe-perm in lifecycle true
9 info yarsk@1.0.0 Failed to exec build:gh script
10 verbose stack Error: yarsk@1.0.0 build:gh: `npm run build && node ./build-gh-pages.js && rm -r ./dist`
10 verbose stack Exit status 1
10 verbose stack     at EventEmitter.<anonymous> (D:\Program Files\nodejs\node_modules\npm\lib\utils\lifecycle.js:213:16)
10 verbose stack     at EventEmitter.emit (events.js:110:17)
10 verbose stack     at ChildProcess.<anonymous> (D:\Program Files\nodejs\node_modules\npm\lib\utils\spawn.js:14:12)
10 verbose stack     at ChildProcess.emit (events.js:110:17)
10 verbose stack     at maybeClose (child_process.js:1008:16)
10 verbose stack     at Process.ChildProcess._handle.onexit (child_process.js:1080:5)
11 verbose pkgid yarsk@1.0.0
12 verbose cwd D:\Dropbox\codemonkey\hikeplanner
13 error Windows_NT 6.3.9600
14 error argv "D:\\Program Files\\nodejs\\\\node.exe" "D:\\Program Files\\nodejs\\node_modules\\npm\\bin\\npm-cli.js" "run" "build:gh"
15 error node v0.12.0
16 error npm  v2.5.1
17 error code ELIFECYCLE
18 error yarsk@1.0.0 build:gh: `npm run build && node ./build-gh-pages.js && rm -r ./dist`
18 error Exit status 1
19 error Failed at the yarsk@1.0.0 build:gh script 'npm run build && node ./build-gh-pages.js && rm -r ./dist'.
19 error This is most likely a problem with the yarsk package,
19 error not with npm itself.
19 error Tell the author that this fails on your system:
19 error     npm run build && node ./build-gh-pages.js && rm -r ./dist
19 error You can get their info via:
19 error     npm owner ls yarsk
19 error There is likely additional logging output above.
20 verbose exit [ 1, true ]
